<?xml version="1.0" encoding="UTF-8"?>
<!-- Generated by org.testng.reporters.JUnitReportReporter -->
<testsuite name="com.android.anjan.testcases.Test_Cases2" tests="1" time="10.226" ignored="0" failures="0" timestamp="06 Sep 2017 15:57:42 GMT" skipped="0" hostname="Anjans-MacBook-Pro.local" errors="0">
  <testcase name="Launch_One20_Application" time="10.226" classname="com.android.anjan.testcases.Test_Cases2"/>
</testsuite> <!-- com.android.anjan.testcases.Test_Cases2 -->
